{
  "stats": {
    "suites": 1,
    "tests": 5,
    "passes": 5,
    "pending": 0,
    "failures": 0,
    "start": "2021-12-22T03:20:37.516Z",
    "end": "2021-12-22T03:21:12.607Z",
    "duration": 32438,
    "testsRegistered": 5,
    "passPercent": 100,
    "pendingPercent": 0,
    "other": 0,
    "hasOther": false,
    "skipped": 0,
    "hasSkipped": false
  },
  "results": [
    {
      "uuid": "9d0f5512-176f-42a3-8bbe-61bcb1a07006",
      "title": "",
      "fullFile": "cypress/integration/uas.spec.js",
      "file": "cypress/integration/uas.spec.js",
      "beforeHooks": [],
      "afterHooks": [],
      "tests": [],
      "suites": [
        {
          "uuid": "e7e1b0b0-290b-4092-b2fa-d7b01a399d10",
          "title": "Login => Oleh Muhammad Auful Kirom (1941720031)",
          "fullFile": "",
          "file": "",
          "beforeHooks": [],
          "afterHooks": [],
          "tests": [
            {
              "title": "Empty User",
              "fullTitle": "Login => Oleh Muhammad Auful Kirom (1941720031) Empty User",
              "timedOut": null,
              "duration": 6097,
              "state": "passed",
              "speed": "medium",
              "pass": true,
              "fail": false,
              "pending": false,
              "context": "\"assets/uas.spec.js/Login => Oleh Muhammad Auful Kirom (1941720031) --Empty User (failed).png\"",
              "code": "cy.get('#btn_mahasiswa').click();\ncy.get('[type=\"submit\"]').click();",
              "err": {},
              "uuid": "c8ed59f4-b3fe-4a8f-8d3b-8be55b3077ab",
              "parentUUID": "e7e1b0b0-290b-4092-b2fa-d7b01a399d10",
              "isHook": false,
              "skipped": false
            },
            {
              "title": "username only",
              "fullTitle": "Login => Oleh Muhammad Auful Kirom (1941720031) username only",
              "timedOut": null,
              "duration": 4275,
              "state": "passed",
              "speed": "fast",
              "pass": true,
              "fail": false,
              "pending": false,
              "context": "\"assets/uas.spec.js/Login => Oleh Muhammad Auful Kirom (1941720031) --username only (failed).png\"",
              "code": "cy.get('#btn_mahasiswa').click();\ncy.get('[name=\"username\"]').type('auful');\ncy.get('[type=\"submit\"]').click();",
              "err": {},
              "uuid": "c243f834-5137-4fc2-988b-c7292b59734d",
              "parentUUID": "e7e1b0b0-290b-4092-b2fa-d7b01a399d10",
              "isHook": false,
              "skipped": false
            },
            {
              "title": "password only",
              "fullTitle": "Login => Oleh Muhammad Auful Kirom (1941720031) password only",
              "timedOut": null,
              "duration": 4331,
              "state": "passed",
              "speed": "fast",
              "pass": true,
              "fail": false,
              "pending": false,
              "context": "\"assets/uas.spec.js/Login => Oleh Muhammad Auful Kirom (1941720031) --password only (failed).png\"",
              "code": "cy.get('#btn_mahasiswa').click();\ncy.get('[name=\"password\"]').type('auful123');\ncy.get('[type=\"submit\"]').click();",
              "err": {},
              "uuid": "575bba35-1cb8-4e02-b65e-ab44e219f0c3",
              "parentUUID": "e7e1b0b0-290b-4092-b2fa-d7b01a399d10",
              "isHook": false,
              "skipped": false
            },
            {
              "title": "Wrong Account",
              "fullTitle": "Login => Oleh Muhammad Auful Kirom (1941720031) Wrong Account",
              "timedOut": null,
              "duration": 7396,
              "state": "passed",
              "speed": "medium",
              "pass": true,
              "fail": false,
              "pending": false,
              "context": "\"assets/uas.spec.js/Login => Oleh Muhammad Auful Kirom (1941720031) --Wrong Account (failed).png\"",
              "code": "cy.get('#btn_mahasiswa').click();\ncy.get('[name=\"username\"]').type('auful');\ncy.get('[name=\"password\"]').type('auful1234');\ncy.get('[type=\"submit\"]').click();",
              "err": {},
              "uuid": "ae448fce-5e67-4e29-b627-711cf33eeadd",
              "parentUUID": "e7e1b0b0-290b-4092-b2fa-d7b01a399d10",
              "isHook": false,
              "skipped": false
            },
            {
              "title": "Standart User",
              "fullTitle": "Login => Oleh Muhammad Auful Kirom (1941720031) Standart User",
              "timedOut": null,
              "duration": 10339,
              "state": "passed",
              "speed": "slow",
              "pass": true,
              "fail": false,
              "pending": false,
              "context": "\"assets/uas.spec.js/Login => Oleh Muhammad Auful Kirom (1941720031) --Standart User (failed).png\"",
              "code": "cy.get('#btn_mahasiswa').click();\ncy.get('[name=\"username\"]').type('auful');\ncy.get('[name=\"password\"]').type('auful123');\ncy.get('[type=\"submit\"]').click();",
              "err": {},
              "uuid": "22494a7d-443e-4897-97d9-decfc66a7442",
              "parentUUID": "e7e1b0b0-290b-4092-b2fa-d7b01a399d10",
              "isHook": false,
              "skipped": false
            }
          ],
          "suites": [],
          "passes": [
            "c8ed59f4-b3fe-4a8f-8d3b-8be55b3077ab",
            "c243f834-5137-4fc2-988b-c7292b59734d",
            "575bba35-1cb8-4e02-b65e-ab44e219f0c3",
            "ae448fce-5e67-4e29-b627-711cf33eeadd",
            "22494a7d-443e-4897-97d9-decfc66a7442"
          ],
          "failures": [],
          "pending": [],
          "skipped": [],
          "duration": 32438,
          "root": false,
          "rootEmpty": false,
          "_timeout": 2000
        }
      ],
      "passes": [],
      "failures": [],
      "pending": [],
      "skipped": [],
      "duration": 0,
      "root": true,
      "rootEmpty": true,
      "_timeout": 2000
    }
  ],
  "meta": {
    "mocha": {
      "version": "7.0.1"
    },
    "mochawesome": {
      "options": {
        "quiet": false,
        "reportFilename": "mochawesome",
        "saveHtml": false,
        "saveJson": true,
        "consoleReporter": "spec",
        "useInlineDiffs": false,
        "code": true
      },
      "version": "7.0.1"
    },
    "marge": {
      "options": {
        "id": "default",
        "reportDir": "cypress/reports/mocha",
        "embeddedScreenshots": true,
        "quite": true,
        "overwrite": false,
        "html": false,
        "json": true
      },
      "version": "6.0.1"
    }
  }
}